2015-11-24 17:54:51,274 - Trying to use logger class org.apache.velocity.runtime.log.SimpleLog4JLogSystem
2015-11-24 17:54:51,274 - Using logger class org.apache.velocity.runtime.log.SimpleLog4JLogSystem
2015-11-24 17:54:51,292 - Default ResourceManager initializing. (class org.apache.velocity.runtime.resource.ResourceManagerImpl)
2015-11-24 17:54:51,302 - Resource Loader Instantiated: org.apache.velocity.runtime.resource.loader.ClasspathResourceLoader
2015-11-24 17:54:51,302 - ClasspathResourceLoader : initialization starting.
2015-11-24 17:54:51,302 - ClasspathResourceLoader : initialization complete.
2015-11-24 17:54:51,311 - ResourceCache : initialized. (class org.apache.velocity.runtime.resource.ResourceCacheImpl)
2015-11-24 17:54:51,311 - Default ResourceManager initialization complete.
2015-11-24 17:54:51,316 - Loaded System Directive: org.apache.velocity.runtime.directive.Literal
2015-11-24 17:54:51,321 - Loaded System Directive: org.apache.velocity.runtime.directive.Macro
2015-11-24 17:54:51,331 - Loaded System Directive: org.apache.velocity.runtime.directive.Parse
2015-11-24 17:54:51,336 - Loaded System Directive: org.apache.velocity.runtime.directive.Include
2015-11-24 17:54:51,339 - Loaded System Directive: org.apache.velocity.runtime.directive.Foreach
2015-11-24 17:54:51,396 - Created: 20 parsers.
2015-11-24 17:54:51,427 - Velocimacro : initialization starting.
2015-11-24 17:54:51,427 - Velocimacro : adding VMs from VM library template : VM_global_library.vm
2015-11-24 17:54:51,435 - ResourceManager : unable to find resource 'VM_global_library.vm' in any resource loader.
2015-11-24 17:54:51,435 - Velocimacro : error using  VM library template VM_global_library.vm : org.apache.velocity.exception.ResourceNotFoundException: Unable to find resource 'VM_global_library.vm'
2015-11-24 17:54:51,435 - Velocimacro :  VM library template macro registration complete.
2015-11-24 17:54:51,435 - Velocimacro : allowInline = true : VMs can be defined inline in templates
2015-11-24 17:54:51,435 - Velocimacro : allowInlineToOverride = false : VMs defined inline may NOT replace previous VM definitions
2015-11-24 17:54:51,435 - Velocimacro : allowInlineLocal = false : VMs defined inline will be  global in scope if allowed.
2015-11-24 17:54:51,435 - Velocimacro : messages on  : VM system will output logging messages
2015-11-24 17:54:51,435 - Velocimacro : autoload off  : VM system will not automatically reload global library macros
2015-11-24 17:54:51,435 - Velocimacro : initialization complete.
2015-11-24 17:54:51,435 - Velocity successfully started.
2015-11-24 17:56:31,470 - SimpleLog4JLogSystem initialized using logfile 'velocity.log'
2015-11-24 17:56:31,470 - ************************************************************** 
2015-11-24 17:56:31,470 - Starting Jakarta Velocity v1.4
2015-11-24 17:56:31,470 - RuntimeInstance initializing.
2015-11-24 17:56:31,470 - Default Properties File: org/apache/velocity/runtime/defaults/velocity.properties
2015-11-24 17:56:31,470 - Trying to use logger class org.apache.velocity.runtime.log.SimpleLog4JLogSystem
2015-11-24 17:56:31,470 - Using logger class org.apache.velocity.runtime.log.SimpleLog4JLogSystem
2015-11-24 17:56:31,483 - Default ResourceManager initializing. (class org.apache.velocity.runtime.resource.ResourceManagerImpl)
2015-11-24 17:56:31,503 - Resource Loader Instantiated: org.apache.velocity.runtime.resource.loader.ClasspathResourceLoader
2015-11-24 17:56:31,503 - ClasspathResourceLoader : initialization starting.
2015-11-24 17:56:31,503 - ClasspathResourceLoader : initialization complete.
2015-11-24 17:56:31,512 - ResourceCache : initialized. (class org.apache.velocity.runtime.resource.ResourceCacheImpl)
2015-11-24 17:56:31,512 - Default ResourceManager initialization complete.
2015-11-24 17:56:31,520 - Loaded System Directive: org.apache.velocity.runtime.directive.Literal
2015-11-24 17:56:31,528 - Loaded System Directive: org.apache.velocity.runtime.directive.Macro
2015-11-24 17:56:31,540 - Loaded System Directive: org.apache.velocity.runtime.directive.Parse
2015-11-24 17:56:31,546 - Loaded System Directive: org.apache.velocity.runtime.directive.Include
2015-11-24 17:56:31,550 - Loaded System Directive: org.apache.velocity.runtime.directive.Foreach
2015-11-24 17:56:31,635 - Created: 20 parsers.
2015-11-24 17:56:31,647 - Velocimacro : initialization starting.
2015-11-24 17:56:31,647 - Velocimacro : adding VMs from VM library template : VM_global_library.vm
2015-11-24 17:56:31,651 - ResourceManager : unable to find resource 'VM_global_library.vm' in any resource loader.
2015-11-24 17:56:31,652 - Velocimacro : error using  VM library template VM_global_library.vm : org.apache.velocity.exception.ResourceNotFoundException: Unable to find resource 'VM_global_library.vm'
2015-11-24 17:56:31,652 - Velocimacro :  VM library template macro registration complete.
2015-11-24 17:56:31,652 - Velocimacro : allowInline = true : VMs can be defined inline in templates
2015-11-24 17:56:31,652 - Velocimacro : allowInlineToOverride = false : VMs defined inline may NOT replace previous VM definitions
2015-11-24 17:56:31,652 - Velocimacro : allowInlineLocal = false : VMs defined inline will be  global in scope if allowed.
2015-11-24 17:56:31,652 - Velocimacro : messages on  : VM system will output logging messages
2015-11-24 17:56:31,652 - Velocimacro : autoload off  : VM system will not automatically reload global library macros
2015-11-24 17:56:31,652 - Velocimacro : initialization complete.
2015-11-24 17:56:31,652 - Velocity successfully started.
2015-11-24 18:17:36,863 - ResourceManager : found repast/simphony/scenario/Scenario.vt with loader org.apache.velocity.runtime.resource.loader.ClasspathResourceLoader
2015-11-24 18:19:39,441 - SimpleLog4JLogSystem initialized using logfile 'velocity.log'
2015-11-24 18:19:39,442 - ************************************************************** 
2015-11-24 18:19:39,442 - Starting Jakarta Velocity v1.4
2015-11-24 18:19:39,442 - RuntimeInstance initializing.
2015-11-24 18:19:39,442 - Default Properties File: org/apache/velocity/runtime/defaults/velocity.properties
2015-11-24 18:19:39,442 - Trying to use logger class org.apache.velocity.runtime.log.SimpleLog4JLogSystem
2015-11-24 18:19:39,442 - Using logger class org.apache.velocity.runtime.log.SimpleLog4JLogSystem
2015-11-24 18:19:39,452 - Default ResourceManager initializing. (class org.apache.velocity.runtime.resource.ResourceManagerImpl)
2015-11-24 18:19:39,460 - Resource Loader Instantiated: org.apache.velocity.runtime.resource.loader.ClasspathResourceLoader
2015-11-24 18:19:39,460 - ClasspathResourceLoader : initialization starting.
2015-11-24 18:19:39,460 - ClasspathResourceLoader : initialization complete.
2015-11-24 18:19:39,465 - ResourceCache : initialized. (class org.apache.velocity.runtime.resource.ResourceCacheImpl)
2015-11-24 18:19:39,465 - Default ResourceManager initialization complete.
2015-11-24 18:19:39,471 - Loaded System Directive: org.apache.velocity.runtime.directive.Literal
2015-11-24 18:19:39,479 - Loaded System Directive: org.apache.velocity.runtime.directive.Macro
2015-11-24 18:19:39,497 - Loaded System Directive: org.apache.velocity.runtime.directive.Parse
2015-11-24 18:19:39,504 - Loaded System Directive: org.apache.velocity.runtime.directive.Include
2015-11-24 18:19:39,507 - Loaded System Directive: org.apache.velocity.runtime.directive.Foreach
2015-11-24 18:19:39,562 - Created: 20 parsers.
2015-11-24 18:19:39,575 - Velocimacro : initialization starting.
2015-11-24 18:19:39,575 - Velocimacro : adding VMs from VM library template : VM_global_library.vm
2015-11-24 18:19:39,579 - ResourceManager : unable to find resource 'VM_global_library.vm' in any resource loader.
2015-11-24 18:19:39,579 - Velocimacro : error using  VM library template VM_global_library.vm : org.apache.velocity.exception.ResourceNotFoundException: Unable to find resource 'VM_global_library.vm'
2015-11-24 18:19:39,579 - Velocimacro :  VM library template macro registration complete.
2015-11-24 18:19:39,579 - Velocimacro : allowInline = true : VMs can be defined inline in templates
2015-11-24 18:19:39,579 - Velocimacro : allowInlineToOverride = false : VMs defined inline may NOT replace previous VM definitions
2015-11-24 18:19:39,579 - Velocimacro : allowInlineLocal = false : VMs defined inline will be  global in scope if allowed.
2015-11-24 18:19:39,579 - Velocimacro : messages on  : VM system will output logging messages
2015-11-24 18:19:39,579 - Velocimacro : autoload off  : VM system will not automatically reload global library macros
2015-11-24 18:19:39,579 - Velocimacro : initialization complete.
2015-11-24 18:19:39,579 - Velocity successfully started.
2015-11-24 18:21:16,631 - ResourceManager : found repast/simphony/scenario/Scenario.vt with loader org.apache.velocity.runtime.resource.loader.ClasspathResourceLoader
2015-11-24 18:24:07,432 - ResourceManager : found repast/simphony/scenario/Scenario.vt with loader org.apache.velocity.runtime.resource.loader.ClasspathResourceLoader
2015-11-24 18:24:28,693 - SimpleLog4JLogSystem initialized using logfile 'velocity.log'
2015-11-24 18:24:28,694 - ************************************************************** 
2015-11-24 18:24:28,694 - Starting Jakarta Velocity v1.4
2015-11-24 18:24:28,694 - RuntimeInstance initializing.
2015-11-24 18:24:28,694 - Default Properties File: org/apache/velocity/runtime/defaults/velocity.properties
2015-11-24 18:24:28,694 - Trying to use logger class org.apache.velocity.runtime.log.SimpleLog4JLogSystem
2015-11-24 18:24:28,694 - Using logger class org.apache.velocity.runtime.log.SimpleLog4JLogSystem
2015-11-24 18:24:28,703 - Default ResourceManager initializing. (class org.apache.velocity.runtime.resource.ResourceManagerImpl)
2015-11-24 18:24:28,715 - Resource Loader Instantiated: org.apache.velocity.runtime.resource.loader.ClasspathResourceLoader
2015-11-24 18:24:28,715 - ClasspathResourceLoader : initialization starting.
2015-11-24 18:24:28,715 - ClasspathResourceLoader : initialization complete.
2015-11-24 18:24:28,728 - ResourceCache : initialized. (class org.apache.velocity.runtime.resource.ResourceCacheImpl)
2015-11-24 18:24:28,728 - Default ResourceManager initialization complete.
2015-11-24 18:24:28,736 - Loaded System Directive: org.apache.velocity.runtime.directive.Literal
2015-11-24 18:24:28,744 - Loaded System Directive: org.apache.velocity.runtime.directive.Macro
2015-11-24 18:24:28,753 - Loaded System Directive: org.apache.velocity.runtime.directive.Parse
2015-11-24 18:24:28,759 - Loaded System Directive: org.apache.velocity.runtime.directive.Include
2015-11-24 18:24:28,763 - Loaded System Directive: org.apache.velocity.runtime.directive.Foreach
2015-11-24 18:24:28,818 - Created: 20 parsers.
2015-11-24 18:24:28,838 - Velocimacro : initialization starting.
2015-11-24 18:24:28,838 - Velocimacro : adding VMs from VM library template : VM_global_library.vm
2015-11-24 18:24:28,841 - ResourceManager : unable to find resource 'VM_global_library.vm' in any resource loader.
2015-11-24 18:24:28,841 - Velocimacro : error using  VM library template VM_global_library.vm : org.apache.velocity.exception.ResourceNotFoundException: Unable to find resource 'VM_global_library.vm'
2015-11-24 18:24:28,841 - Velocimacro :  VM library template macro registration complete.
2015-11-24 18:24:28,841 - Velocimacro : allowInline = true : VMs can be defined inline in templates
2015-11-24 18:24:28,841 - Velocimacro : allowInlineToOverride = false : VMs defined inline may NOT replace previous VM definitions
2015-11-24 18:24:28,841 - Velocimacro : allowInlineLocal = false : VMs defined inline will be  global in scope if allowed.
2015-11-24 18:24:28,841 - Velocimacro : messages on  : VM system will output logging messages
2015-11-24 18:24:28,841 - Velocimacro : autoload off  : VM system will not automatically reload global library macros
2015-11-24 18:24:28,841 - Velocimacro : initialization complete.
2015-11-24 18:24:28,841 - Velocity successfully started.
2015-11-24 18:25:27,427 - SimpleLog4JLogSystem initialized using logfile 'velocity.log'
2015-11-24 18:25:27,428 - ************************************************************** 
2015-11-24 18:25:27,428 - Starting Jakarta Velocity v1.4
2015-11-24 18:25:27,428 - RuntimeInstance initializing.
2015-11-24 18:25:27,428 - Default Properties File: org/apache/velocity/runtime/defaults/velocity.properties
2015-11-24 18:25:27,428 - Trying to use logger class org.apache.velocity.runtime.log.SimpleLog4JLogSystem
2015-11-24 18:25:27,428 - Using logger class org.apache.velocity.runtime.log.SimpleLog4JLogSystem
2015-11-24 18:25:27,438 - Default ResourceManager initializing. (class org.apache.velocity.runtime.resource.ResourceManagerImpl)
2015-11-24 18:25:27,449 - Resource Loader Instantiated: org.apache.velocity.runtime.resource.loader.ClasspathResourceLoader
2015-11-24 18:25:27,449 - ClasspathResourceLoader : initialization starting.
2015-11-24 18:25:27,449 - ClasspathResourceLoader : initialization complete.
2015-11-24 18:25:27,458 - ResourceCache : initialized. (class org.apache.velocity.runtime.resource.ResourceCacheImpl)
2015-11-24 18:25:27,458 - Default ResourceManager initialization complete.
2015-11-24 18:25:27,465 - Loaded System Directive: org.apache.velocity.runtime.directive.Literal
2015-11-24 18:25:27,470 - Loaded System Directive: org.apache.velocity.runtime.directive.Macro
2015-11-24 18:25:27,481 - Loaded System Directive: org.apache.velocity.runtime.directive.Parse
2015-11-24 18:25:27,487 - Loaded System Directive: org.apache.velocity.runtime.directive.Include
2015-11-24 18:25:27,491 - Loaded System Directive: org.apache.velocity.runtime.directive.Foreach
2015-11-24 18:25:27,570 - Created: 20 parsers.
2015-11-24 18:25:27,602 - Velocimacro : initialization starting.
2015-11-24 18:25:27,603 - Velocimacro : adding VMs from VM library template : VM_global_library.vm
2015-11-24 18:25:27,610 - ResourceManager : unable to find resource 'VM_global_library.vm' in any resource loader.
2015-11-24 18:25:27,610 - Velocimacro : error using  VM library template VM_global_library.vm : org.apache.velocity.exception.ResourceNotFoundException: Unable to find resource 'VM_global_library.vm'
2015-11-24 18:25:27,611 - Velocimacro :  VM library template macro registration complete.
2015-11-24 18:25:27,611 - Velocimacro : allowInline = true : VMs can be defined inline in templates
2015-11-24 18:25:27,611 - Velocimacro : allowInlineToOverride = false : VMs defined inline may NOT replace previous VM definitions
2015-11-24 18:25:27,611 - Velocimacro : allowInlineLocal = false : VMs defined inline will be  global in scope if allowed.
2015-11-24 18:25:27,611 - Velocimacro : messages on  : VM system will output logging messages
2015-11-24 18:25:27,611 - Velocimacro : autoload off  : VM system will not automatically reload global library macros
2015-11-24 18:25:27,611 - Velocimacro : initialization complete.
2015-11-24 18:25:27,611 - Velocity successfully started.
2015-11-24 18:40:09,657 - SimpleLog4JLogSystem initialized using logfile 'velocity.log'
2015-11-24 18:40:09,657 - ************************************************************** 
2015-11-24 18:40:09,657 - Starting Jakarta Velocity v1.4
2015-11-24 18:40:09,657 - RuntimeInstance initializing.
2015-11-24 18:40:09,657 - Default Properties File: org/apache/velocity/runtime/defaults/velocity.properties
2015-11-24 18:40:09,657 - Trying to use logger class org.apache.velocity.runtime.log.SimpleLog4JLogSystem
2015-11-24 18:40:09,657 - Using logger class org.apache.velocity.runtime.log.SimpleLog4JLogSystem
2015-11-24 18:40:09,669 - Default ResourceManager initializing. (class org.apache.velocity.runtime.resource.ResourceManagerImpl)
2015-11-24 18:40:09,680 - Resource Loader Instantiated: org.apache.velocity.runtime.resource.loader.ClasspathResourceLoader
2015-11-24 18:40:09,680 - ClasspathResourceLoader : initialization starting.
2015-11-24 18:40:09,680 - ClasspathResourceLoader : initialization complete.
2015-11-24 18:40:09,688 - ResourceCache : initialized. (class org.apache.velocity.runtime.resource.ResourceCacheImpl)
2015-11-24 18:40:09,688 - Default ResourceManager initialization complete.
2015-11-24 18:40:09,695 - Loaded System Directive: org.apache.velocity.runtime.directive.Literal
2015-11-24 18:40:09,704 - Loaded System Directive: org.apache.velocity.runtime.directive.Macro
2015-11-24 18:40:09,715 - Loaded System Directive: org.apache.velocity.runtime.directive.Parse
2015-11-24 18:40:09,721 - Loaded System Directive: org.apache.velocity.runtime.directive.Include
2015-11-24 18:40:09,724 - Loaded System Directive: org.apache.velocity.runtime.directive.Foreach
2015-11-24 18:40:09,787 - Created: 20 parsers.
2015-11-24 18:40:09,821 - Velocimacro : initialization starting.
2015-11-24 18:40:09,821 - Velocimacro : adding VMs from VM library template : VM_global_library.vm
2015-11-24 18:40:09,830 - ResourceManager : unable to find resource 'VM_global_library.vm' in any resource loader.
2015-11-24 18:40:09,830 - Velocimacro : error using  VM library template VM_global_library.vm : org.apache.velocity.exception.ResourceNotFoundException: Unable to find resource 'VM_global_library.vm'
2015-11-24 18:40:09,830 - Velocimacro :  VM library template macro registration complete.
2015-11-24 18:40:09,830 - Velocimacro : allowInline = true : VMs can be defined inline in templates
2015-11-24 18:40:09,831 - Velocimacro : allowInlineToOverride = false : VMs defined inline may NOT replace previous VM definitions
2015-11-24 18:40:09,831 - Velocimacro : allowInlineLocal = false : VMs defined inline will be  global in scope if allowed.
2015-11-24 18:40:09,831 - Velocimacro : messages on  : VM system will output logging messages
2015-11-24 18:40:09,831 - Velocimacro : autoload off  : VM system will not automatically reload global library macros
2015-11-24 18:40:09,831 - Velocimacro : initialization complete.
2015-11-24 18:40:09,831 - Velocity successfully started.
2015-11-24 18:41:00,331 - SimpleLog4JLogSystem initialized using logfile 'velocity.log'
2015-11-24 18:41:00,331 - ************************************************************** 
2015-11-24 18:41:00,331 - Starting Jakarta Velocity v1.4
2015-11-24 18:41:00,331 - RuntimeInstance initializing.
2015-11-24 18:41:00,331 - Default Properties File: org/apache/velocity/runtime/defaults/velocity.properties
2015-11-24 18:41:00,331 - Trying to use logger class org.apache.velocity.runtime.log.SimpleLog4JLogSystem
2015-11-24 18:41:00,331 - Using logger class org.apache.velocity.runtime.log.SimpleLog4JLogSystem
2015-11-24 18:41:00,342 - Default ResourceManager initializing. (class org.apache.velocity.runtime.resource.ResourceManagerImpl)
2015-11-24 18:41:00,353 - Resource Loader Instantiated: org.apache.velocity.runtime.resource.loader.ClasspathResourceLoader
2015-11-24 18:41:00,353 - ClasspathResourceLoader : initialization starting.
2015-11-24 18:41:00,353 - ClasspathResourceLoader : initialization complete.
2015-11-24 18:41:00,363 - ResourceCache : initialized. (class org.apache.velocity.runtime.resource.ResourceCacheImpl)
2015-11-24 18:41:00,363 - Default ResourceManager initialization complete.
2015-11-24 18:41:00,368 - Loaded System Directive: org.apache.velocity.runtime.directive.Literal
2015-11-24 18:41:00,377 - Loaded System Directive: org.apache.velocity.runtime.directive.Macro
2015-11-24 18:41:00,388 - Loaded System Directive: org.apache.velocity.runtime.directive.Parse
2015-11-24 18:41:00,396 - Loaded System Directive: org.apache.velocity.runtime.directive.Include
2015-11-24 18:41:00,400 - Loaded System Directive: org.apache.velocity.runtime.directive.Foreach
2015-11-24 18:41:00,460 - Created: 20 parsers.
2015-11-24 18:41:00,490 - Velocimacro : initialization starting.
2015-11-24 18:41:00,490 - Velocimacro : adding VMs from VM library template : VM_global_library.vm
2015-11-24 18:41:00,498 - ResourceManager : unable to find resource 'VM_global_library.vm' in any resource loader.
2015-11-24 18:41:00,498 - Velocimacro : error using  VM library template VM_global_library.vm : org.apache.velocity.exception.ResourceNotFoundException: Unable to find resource 'VM_global_library.vm'
2015-11-24 18:41:00,498 - Velocimacro :  VM library template macro registration complete.
2015-11-24 18:41:00,498 - Velocimacro : allowInline = true : VMs can be defined inline in templates
2015-11-24 18:41:00,498 - Velocimacro : allowInlineToOverride = false : VMs defined inline may NOT replace previous VM definitions
2015-11-24 18:41:00,498 - Velocimacro : allowInlineLocal = false : VMs defined inline will be  global in scope if allowed.
2015-11-24 18:41:00,498 - Velocimacro : messages on  : VM system will output logging messages
2015-11-24 18:41:00,499 - Velocimacro : autoload off  : VM system will not automatically reload global library macros
2015-11-24 18:41:00,499 - Velocimacro : initialization complete.
2015-11-24 18:41:00,499 - Velocity successfully started.
2015-11-24 18:41:16,474 - ResourceManager : found repast/simphony/scenario/Scenario.vt with loader org.apache.velocity.runtime.resource.loader.ClasspathResourceLoader
2015-11-24 18:42:10,963 - SimpleLog4JLogSystem initialized using logfile 'velocity.log'
2015-11-24 18:42:10,964 - ************************************************************** 
2015-11-24 18:42:10,964 - Starting Jakarta Velocity v1.4
2015-11-24 18:42:10,964 - RuntimeInstance initializing.
2015-11-24 18:42:10,964 - Default Properties File: org/apache/velocity/runtime/defaults/velocity.properties
2015-11-24 18:42:10,964 - Trying to use logger class org.apache.velocity.runtime.log.SimpleLog4JLogSystem
2015-11-24 18:42:10,964 - Using logger class org.apache.velocity.runtime.log.SimpleLog4JLogSystem
2015-11-24 18:42:10,973 - Default ResourceManager initializing. (class org.apache.velocity.runtime.resource.ResourceManagerImpl)
2015-11-24 18:42:10,985 - Resource Loader Instantiated: org.apache.velocity.runtime.resource.loader.ClasspathResourceLoader
2015-11-24 18:42:10,985 - ClasspathResourceLoader : initialization starting.
2015-11-24 18:42:10,985 - ClasspathResourceLoader : initialization complete.
2015-11-24 18:42:10,991 - ResourceCache : initialized. (class org.apache.velocity.runtime.resource.ResourceCacheImpl)
2015-11-24 18:42:10,991 - Default ResourceManager initialization complete.
2015-11-24 18:42:10,998 - Loaded System Directive: org.apache.velocity.runtime.directive.Literal
2015-11-24 18:42:11,005 - Loaded System Directive: org.apache.velocity.runtime.directive.Macro
2015-11-24 18:42:11,013 - Loaded System Directive: org.apache.velocity.runtime.directive.Parse
2015-11-24 18:42:11,018 - Loaded System Directive: org.apache.velocity.runtime.directive.Include
2015-11-24 18:42:11,021 - Loaded System Directive: org.apache.velocity.runtime.directive.Foreach
2015-11-24 18:42:11,076 - Created: 20 parsers.
2015-11-24 18:42:11,106 - Velocimacro : initialization starting.
2015-11-24 18:42:11,106 - Velocimacro : adding VMs from VM library template : VM_global_library.vm
2015-11-24 18:42:11,110 - ResourceManager : unable to find resource 'VM_global_library.vm' in any resource loader.
2015-11-24 18:42:11,110 - Velocimacro : error using  VM library template VM_global_library.vm : org.apache.velocity.exception.ResourceNotFoundException: Unable to find resource 'VM_global_library.vm'
2015-11-24 18:42:11,110 - Velocimacro :  VM library template macro registration complete.
2015-11-24 18:42:11,110 - Velocimacro : allowInline = true : VMs can be defined inline in templates
2015-11-24 18:42:11,110 - Velocimacro : allowInlineToOverride = false : VMs defined inline may NOT replace previous VM definitions
2015-11-24 18:42:11,110 - Velocimacro : allowInlineLocal = false : VMs defined inline will be  global in scope if allowed.
2015-11-24 18:42:11,110 - Velocimacro : messages on  : VM system will output logging messages
2015-11-24 18:42:11,110 - Velocimacro : autoload off  : VM system will not automatically reload global library macros
2015-11-24 18:42:11,110 - Velocimacro : initialization complete.
2015-11-24 18:42:11,110 - Velocity successfully started.
2015-11-24 18:44:43,590 - ResourceManager : found repast/simphony/scenario/Scenario.vt with loader org.apache.velocity.runtime.resource.loader.ClasspathResourceLoader
2015-11-25 00:31:59,506 - SimpleLog4JLogSystem initialized using logfile 'velocity.log'
2015-11-25 00:31:59,507 - ************************************************************** 
2015-11-25 00:31:59,507 - Starting Jakarta Velocity v1.4
2015-11-25 00:31:59,508 - RuntimeInstance initializing.
2015-11-25 00:31:59,508 - Default Properties File: org/apache/velocity/runtime/defaults/velocity.properties
2015-11-25 00:31:59,508 - Trying to use logger class org.apache.velocity.runtime.log.SimpleLog4JLogSystem
2015-11-25 00:31:59,508 - Using logger class org.apache.velocity.runtime.log.SimpleLog4JLogSystem
2015-11-25 00:31:59,521 - Default ResourceManager initializing. (class org.apache.velocity.runtime.resource.ResourceManagerImpl)
2015-11-25 00:31:59,529 - Resource Loader Instantiated: org.apache.velocity.runtime.resource.loader.ClasspathResourceLoader
2015-11-25 00:31:59,529 - ClasspathResourceLoader : initialization starting.
2015-11-25 00:31:59,529 - ClasspathResourceLoader : initialization complete.
2015-11-25 00:31:59,541 - ResourceCache : initialized. (class org.apache.velocity.runtime.resource.ResourceCacheImpl)
2015-11-25 00:31:59,541 - Default ResourceManager initialization complete.
2015-11-25 00:31:59,549 - Loaded System Directive: org.apache.velocity.runtime.directive.Literal
2015-11-25 00:31:59,557 - Loaded System Directive: org.apache.velocity.runtime.directive.Macro
2015-11-25 00:31:59,566 - Loaded System Directive: org.apache.velocity.runtime.directive.Parse
2015-11-25 00:31:59,574 - Loaded System Directive: org.apache.velocity.runtime.directive.Include
2015-11-25 00:31:59,577 - Loaded System Directive: org.apache.velocity.runtime.directive.Foreach
2015-11-25 00:31:59,622 - Created: 20 parsers.
2015-11-25 00:31:59,662 - Velocimacro : initialization starting.
2015-11-25 00:31:59,662 - Velocimacro : adding VMs from VM library template : VM_global_library.vm
2015-11-25 00:31:59,665 - ResourceManager : unable to find resource 'VM_global_library.vm' in any resource loader.
2015-11-25 00:31:59,665 - Velocimacro : error using  VM library template VM_global_library.vm : org.apache.velocity.exception.ResourceNotFoundException: Unable to find resource 'VM_global_library.vm'
2015-11-25 00:31:59,665 - Velocimacro :  VM library template macro registration complete.
2015-11-25 00:31:59,665 - Velocimacro : allowInline = true : VMs can be defined inline in templates
2015-11-25 00:31:59,666 - Velocimacro : allowInlineToOverride = false : VMs defined inline may NOT replace previous VM definitions
2015-11-25 00:31:59,666 - Velocimacro : allowInlineLocal = false : VMs defined inline will be  global in scope if allowed.
2015-11-25 00:31:59,666 - Velocimacro : messages on  : VM system will output logging messages
2015-11-25 00:31:59,666 - Velocimacro : autoload off  : VM system will not automatically reload global library macros
2015-11-25 00:31:59,666 - Velocimacro : initialization complete.
2015-11-25 00:31:59,666 - Velocity successfully started.
2015-11-25 00:33:23,550 - SimpleLog4JLogSystem initialized using logfile 'velocity.log'
2015-11-25 00:33:23,550 - ************************************************************** 
2015-11-25 00:33:23,550 - Starting Jakarta Velocity v1.4
2015-11-25 00:33:23,550 - RuntimeInstance initializing.
2015-11-25 00:33:23,550 - Default Properties File: org/apache/velocity/runtime/defaults/velocity.properties
2015-11-25 00:33:23,550 - Trying to use logger class org.apache.velocity.runtime.log.SimpleLog4JLogSystem
2015-11-25 00:33:23,550 - Using logger class org.apache.velocity.runtime.log.SimpleLog4JLogSystem
2015-11-25 00:33:23,562 - Default ResourceManager initializing. (class org.apache.velocity.runtime.resource.ResourceManagerImpl)
2015-11-25 00:33:23,572 - Resource Loader Instantiated: org.apache.velocity.runtime.resource.loader.ClasspathResourceLoader
2015-11-25 00:33:23,572 - ClasspathResourceLoader : initialization starting.
2015-11-25 00:33:23,572 - ClasspathResourceLoader : initialization complete.
2015-11-25 00:33:23,580 - ResourceCache : initialized. (class org.apache.velocity.runtime.resource.ResourceCacheImpl)
2015-11-25 00:33:23,580 - Default ResourceManager initialization complete.
2015-11-25 00:33:23,586 - Loaded System Directive: org.apache.velocity.runtime.directive.Literal
2015-11-25 00:33:23,591 - Loaded System Directive: org.apache.velocity.runtime.directive.Macro
2015-11-25 00:33:23,598 - Loaded System Directive: org.apache.velocity.runtime.directive.Parse
2015-11-25 00:33:23,605 - Loaded System Directive: org.apache.velocity.runtime.directive.Include
2015-11-25 00:33:23,608 - Loaded System Directive: org.apache.velocity.runtime.directive.Foreach
2015-11-25 00:33:23,687 - Created: 20 parsers.
2015-11-25 00:33:23,716 - Velocimacro : initialization starting.
2015-11-25 00:33:23,716 - Velocimacro : adding VMs from VM library template : VM_global_library.vm
2015-11-25 00:33:23,722 - ResourceManager : unable to find resource 'VM_global_library.vm' in any resource loader.
2015-11-25 00:33:23,723 - Velocimacro : error using  VM library template VM_global_library.vm : org.apache.velocity.exception.ResourceNotFoundException: Unable to find resource 'VM_global_library.vm'
2015-11-25 00:33:23,723 - Velocimacro :  VM library template macro registration complete.
2015-11-25 00:33:23,723 - Velocimacro : allowInline = true : VMs can be defined inline in templates
2015-11-25 00:33:23,723 - Velocimacro : allowInlineToOverride = false : VMs defined inline may NOT replace previous VM definitions
2015-11-25 00:33:23,723 - Velocimacro : allowInlineLocal = false : VMs defined inline will be  global in scope if allowed.
2015-11-25 00:33:23,723 - Velocimacro : messages on  : VM system will output logging messages
2015-11-25 00:33:23,723 - Velocimacro : autoload off  : VM system will not automatically reload global library macros
2015-11-25 00:33:23,723 - Velocimacro : initialization complete.
2015-11-25 00:33:23,723 - Velocity successfully started.
2015-11-25 00:34:38,488 - SimpleLog4JLogSystem initialized using logfile 'velocity.log'
2015-11-25 00:34:38,489 - ************************************************************** 
2015-11-25 00:34:38,489 - Starting Jakarta Velocity v1.4
2015-11-25 00:34:38,489 - RuntimeInstance initializing.
2015-11-25 00:34:38,489 - Default Properties File: org/apache/velocity/runtime/defaults/velocity.properties
2015-11-25 00:34:38,489 - Trying to use logger class org.apache.velocity.runtime.log.SimpleLog4JLogSystem
2015-11-25 00:34:38,489 - Using logger class org.apache.velocity.runtime.log.SimpleLog4JLogSystem
2015-11-25 00:34:38,501 - Default ResourceManager initializing. (class org.apache.velocity.runtime.resource.ResourceManagerImpl)
2015-11-25 00:34:38,512 - Resource Loader Instantiated: org.apache.velocity.runtime.resource.loader.ClasspathResourceLoader
2015-11-25 00:34:38,512 - ClasspathResourceLoader : initialization starting.
2015-11-25 00:34:38,512 - ClasspathResourceLoader : initialization complete.
2015-11-25 00:34:38,520 - ResourceCache : initialized. (class org.apache.velocity.runtime.resource.ResourceCacheImpl)
2015-11-25 00:34:38,521 - Default ResourceManager initialization complete.
2015-11-25 00:34:38,526 - Loaded System Directive: org.apache.velocity.runtime.directive.Literal
2015-11-25 00:34:38,535 - Loaded System Directive: org.apache.velocity.runtime.directive.Macro
2015-11-25 00:34:38,544 - Loaded System Directive: org.apache.velocity.runtime.directive.Parse
2015-11-25 00:34:38,553 - Loaded System Directive: org.apache.velocity.runtime.directive.Include
2015-11-25 00:34:38,557 - Loaded System Directive: org.apache.velocity.runtime.directive.Foreach
2015-11-25 00:34:38,633 - Created: 20 parsers.
2015-11-25 00:34:38,670 - Velocimacro : initialization starting.
2015-11-25 00:34:38,670 - Velocimacro : adding VMs from VM library template : VM_global_library.vm
2015-11-25 00:34:38,683 - ResourceManager : unable to find resource 'VM_global_library.vm' in any resource loader.
2015-11-25 00:34:38,684 - Velocimacro : error using  VM library template VM_global_library.vm : org.apache.velocity.exception.ResourceNotFoundException: Unable to find resource 'VM_global_library.vm'
2015-11-25 00:34:38,684 - Velocimacro :  VM library template macro registration complete.
2015-11-25 00:34:38,684 - Velocimacro : allowInline = true : VMs can be defined inline in templates
2015-11-25 00:34:38,684 - Velocimacro : allowInlineToOverride = false : VMs defined inline may NOT replace previous VM definitions
2015-11-25 00:34:38,684 - Velocimacro : allowInlineLocal = false : VMs defined inline will be  global in scope if allowed.
2015-11-25 00:34:38,684 - Velocimacro : messages on  : VM system will output logging messages
2015-11-25 00:34:38,684 - Velocimacro : autoload off  : VM system will not automatically reload global library macros
2015-11-25 00:34:38,684 - Velocimacro : initialization complete.
2015-11-25 00:34:38,684 - Velocity successfully started.
